[2026-05-12 00:28:23,696 ] 16 root - INFO - Initiate data ingestion...
[2026-05-12 00:28:23,697 ] 29 root - INFO - Exporting data from database
[2026-05-12 00:28:24,050 ] 48 root - INFO - Exporting data into feature store
[2026-05-12 00:28:24,106 ] 58 root - INFO - Splitting data into train and test sets
[2026-05-12 00:28:24,158 ] 66 root - INFO - Data split into train and test sets. Train set saved at Artifacts\12052026__002820\data_ingestion\ingested\train.csv and test set saved at Artifacts\12052026__002820\data_ingestion\ingested\test.csv
[2026-05-12 00:28:24,159 ] 20 root - INFO - Data ingestion artifact Completed!
[2026-05-12 00:28:24,169 ] 24 root - INFO - Initiate Data Validation...
[2026-05-12 00:28:24,256 ] 31 root - INFO - Required number of columns: 31
[2026-05-12 00:28:24,256 ] 32 root - INFO - Dataframe has columns: 31
[2026-05-12 00:28:24,256 ] 31 root - INFO - Required number of columns: 31
[2026-05-12 00:28:24,256 ] 32 root - INFO - Dataframe has columns: 31
[2026-05-12 00:28:24,399 ] 27 root - INFO - Data Validation Completed!
[2026-05-12 00:28:24,399 ] 29 root - INFO - Initiate Data Transformation...
[2026-05-12 00:28:24,400 ] 44 root - INFO - Initiating data transformation...
[2026-05-12 00:28:24,419 ] 51 root - INFO - Read train and test data completed
[2026-05-12 00:28:24,422 ] 31 root - INFO - Getting data transformer object...
[2026-05-12 00:28:24,444 ] 34 root - INFO - Data Transformation Completed!
[2026-05-12 00:28:24,444 ] 36 root - INFO - Model Trainer started...
[2026-05-12 00:28:24,444 ] 23 root - INFO - >>>>>>>>>>>>>>>>>>>>>>>>>>>>>>>>>>>>>>>> Model Trainer <<<<<<<<<<<<<<<<<<<<<<<<<<<<<<<<<<<<<<<<
[2026-05-12 00:28:24,444 ] 126 root - INFO - Loading transformed training dataset
[2026-05-12 00:28:59,193 ] 16 root - INFO - Initiate data ingestion...
[2026-05-12 00:28:59,193 ] 29 root - INFO - Exporting data from database
[2026-05-12 00:28:59,507 ] 48 root - INFO - Exporting data into feature store
[2026-05-12 00:28:59,586 ] 58 root - INFO - Splitting data into train and test sets
[2026-05-12 00:28:59,662 ] 66 root - INFO - Data split into train and test sets. Train set saved at Artifacts\12052026__002856\data_ingestion\ingested\train.csv and test set saved at Artifacts\12052026__002856\data_ingestion\ingested\test.csv
[2026-05-12 00:28:59,663 ] 20 root - INFO - Data ingestion artifact Completed!
[2026-05-12 00:28:59,672 ] 24 root - INFO - Initiate Data Validation...
[2026-05-12 00:28:59,764 ] 31 root - INFO - Required number of columns: 31
[2026-05-12 00:28:59,764 ] 32 root - INFO - Dataframe has columns: 31
[2026-05-12 00:28:59,764 ] 31 root - INFO - Required number of columns: 31
[2026-05-12 00:28:59,764 ] 32 root - INFO - Dataframe has columns: 31
[2026-05-12 00:28:59,923 ] 27 root - INFO - Data Validation Completed!
[2026-05-12 00:28:59,923 ] 29 root - INFO - Initiate Data Transformation...
[2026-05-12 00:28:59,923 ] 44 root - INFO - Initiating data transformation...
[2026-05-12 00:28:59,941 ] 51 root - INFO - Read train and test data completed
[2026-05-12 00:28:59,946 ] 31 root - INFO - Getting data transformer object...
[2026-05-12 00:28:59,965 ] 34 root - INFO - Data Transformation Completed!
[2026-05-12 00:28:59,965 ] 36 root - INFO - Model Trainer started...
[2026-05-12 00:28:59,965 ] 23 root - INFO - >>>>>>>>>>>>>>>>>>>>>>>>>>>>>>>>>>>>>>>> Model Trainer <<<<<<<<<<<<<<<<<<<<<<<<<<<<<<<<<<<<<<<<
[2026-05-12 00:28:59,965 ] 126 root - INFO - Loading transformed training dataset
[2026-05-12 00:31:35,514 ] 16 root - INFO - Initiate data ingestion...
[2026-05-12 00:31:35,514 ] 29 root - INFO - Exporting data from database
[2026-05-12 00:31:35,737 ] 48 root - INFO - Exporting data into feature store
[2026-05-12 00:31:35,782 ] 58 root - INFO - Splitting data into train and test sets
[2026-05-12 00:31:35,827 ] 66 root - INFO - Data split into train and test sets. Train set saved at Artifacts\12052026__003133\data_ingestion\ingested\train.csv and test set saved at Artifacts\12052026__003133\data_ingestion\ingested\test.csv
[2026-05-12 00:31:35,827 ] 20 root - INFO - Data ingestion artifact Completed!
[2026-05-12 00:31:35,833 ] 24 root - INFO - Initiate Data Validation...
[2026-05-12 00:31:35,922 ] 31 root - INFO - Required number of columns: 31
[2026-05-12 00:31:35,922 ] 32 root - INFO - Dataframe has columns: 31
[2026-05-12 00:31:35,923 ] 31 root - INFO - Required number of columns: 31
[2026-05-12 00:31:35,923 ] 32 root - INFO - Dataframe has columns: 31
[2026-05-12 00:31:36,015 ] 27 root - INFO - Data Validation Completed!
[2026-05-12 00:31:36,015 ] 29 root - INFO - Initiate Data Transformation...
[2026-05-12 00:31:36,015 ] 44 root - INFO - Initiating data transformation...
[2026-05-12 00:31:36,031 ] 51 root - INFO - Read train and test data completed
[2026-05-12 00:31:36,033 ] 31 root - INFO - Getting data transformer object...
[2026-05-12 00:31:36,052 ] 34 root - INFO - Data Transformation Completed!
[2026-05-12 00:31:36,052 ] 36 root - INFO - Model Trainer started...
[2026-05-12 00:31:36,052 ] 23 root - INFO - >>>>>>>>>>>>>>>>>>>>>>>>>>>>>>>>>>>>>>>> Model Trainer <<<<<<<<<<<<<<<<<<<<<<<<<<<<<<<<<<<<<<<<
[2026-05-12 00:31:36,052 ] 124 root - INFO - Loading transformed training dataset
[2026-05-12 00:33:17,708 ] 16 root - INFO - Initiate data ingestion...
[2026-05-12 00:33:17,709 ] 29 root - INFO - Exporting data from database
[2026-05-12 00:33:17,965 ] 48 root - INFO - Exporting data into feature store
[2026-05-12 00:33:18,008 ] 58 root - INFO - Splitting data into train and test sets
[2026-05-12 00:33:18,049 ] 66 root - INFO - Data split into train and test sets. Train set saved at Artifacts\12052026__003315\data_ingestion\ingested\train.csv and test set saved at Artifacts\12052026__003315\data_ingestion\ingested\test.csv
[2026-05-12 00:33:18,050 ] 20 root - INFO - Data ingestion artifact Completed!
[2026-05-12 00:33:18,055 ] 24 root - INFO - Initiate Data Validation...
[2026-05-12 00:33:18,164 ] 31 root - INFO - Required number of columns: 31
[2026-05-12 00:33:18,164 ] 32 root - INFO - Dataframe has columns: 31
[2026-05-12 00:33:18,164 ] 31 root - INFO - Required number of columns: 31
[2026-05-12 00:33:18,164 ] 32 root - INFO - Dataframe has columns: 31
[2026-05-12 00:33:18,291 ] 27 root - INFO - Data Validation Completed!
[2026-05-12 00:33:18,293 ] 29 root - INFO - Initiate Data Transformation...
[2026-05-12 00:33:18,293 ] 44 root - INFO - Initiating data transformation...
[2026-05-12 00:33:18,310 ] 51 root - INFO - Read train and test data completed
[2026-05-12 00:33:18,313 ] 31 root - INFO - Getting data transformer object...
[2026-05-12 00:33:18,331 ] 34 root - INFO - Data Transformation Completed!
[2026-05-12 00:33:18,331 ] 36 root - INFO - Model Trainer started...
[2026-05-12 00:33:18,331 ] 23 root - INFO - >>>>>>>>>>>>>>>>>>>>>>>>>>>>>>>>>>>>>>>> Model Trainer <<<<<<<<<<<<<<<<<<<<<<<<<<<<<<<<<<<<<<<<
[2026-05-12 00:33:18,331 ] 124 root - INFO - Loading transformed training dataset
[2026-05-12 00:33:57,936 ] 16 root - INFO - Initiate data ingestion...
[2026-05-12 00:33:57,936 ] 29 root - INFO - Exporting data from database
[2026-05-12 00:33:58,174 ] 48 root - INFO - Exporting data into feature store
[2026-05-12 00:33:58,217 ] 58 root - INFO - Splitting data into train and test sets
[2026-05-12 00:33:58,260 ] 66 root - INFO - Data split into train and test sets. Train set saved at Artifacts\12052026__003355\data_ingestion\ingested\train.csv and test set saved at Artifacts\12052026__003355\data_ingestion\ingested\test.csv
[2026-05-12 00:33:58,261 ] 20 root - INFO - Data ingestion artifact Completed!
[2026-05-12 00:33:58,267 ] 24 root - INFO - Initiate Data Validation...
[2026-05-12 00:33:58,349 ] 31 root - INFO - Required number of columns: 31
[2026-05-12 00:33:58,349 ] 32 root - INFO - Dataframe has columns: 31
[2026-05-12 00:33:58,349 ] 31 root - INFO - Required number of columns: 31
[2026-05-12 00:33:58,349 ] 32 root - INFO - Dataframe has columns: 31
[2026-05-12 00:33:58,463 ] 27 root - INFO - Data Validation Completed!
[2026-05-12 00:33:58,463 ] 29 root - INFO - Initiate Data Transformation...
[2026-05-12 00:33:58,463 ] 44 root - INFO - Initiating data transformation...
[2026-05-12 00:33:58,466 ] 51 root - INFO - Read train and test data completed
[2026-05-12 00:33:58,466 ] 31 root - INFO - Getting data transformer object...
[2026-05-12 00:33:58,516 ] 34 root - INFO - Data Transformation Completed!
[2026-05-12 00:33:58,516 ] 36 root - INFO - Model Trainer started...
[2026-05-12 00:33:58,516 ] 23 root - INFO - >>>>>>>>>>>>>>>>>>>>>>>>>>>>>>>>>>>>>>>> Model Trainer <<<<<<<<<<<<<<<<<<<<<<<<<<<<<<<<<<<<<<<<
[2026-05-12 00:33:58,516 ] 122 root - INFO - Loading transformed training dataset
[2026-05-12 00:34:27,192 ] 16 root - INFO - Initiate data ingestion...
[2026-05-12 00:34:27,192 ] 29 root - INFO - Exporting data from database
[2026-05-12 00:34:27,398 ] 48 root - INFO - Exporting data into feature store
[2026-05-12 00:34:27,447 ] 58 root - INFO - Splitting data into train and test sets
[2026-05-12 00:34:27,487 ] 66 root - INFO - Data split into train and test sets. Train set saved at Artifacts\12052026__003425\data_ingestion\ingested\train.csv and test set saved at Artifacts\12052026__003425\data_ingestion\ingested\test.csv
[2026-05-12 00:34:27,487 ] 20 root - INFO - Data ingestion artifact Completed!
[2026-05-12 00:34:27,498 ] 24 root - INFO - Initiate Data Validation...
[2026-05-12 00:34:27,591 ] 31 root - INFO - Required number of columns: 31
[2026-05-12 00:34:27,591 ] 32 root - INFO - Dataframe has columns: 31
[2026-05-12 00:34:27,591 ] 31 root - INFO - Required number of columns: 31
[2026-05-12 00:34:27,591 ] 32 root - INFO - Dataframe has columns: 31
[2026-05-12 00:34:27,697 ] 27 root - INFO - Data Validation Completed!
[2026-05-12 00:34:27,697 ] 29 root - INFO - Initiate Data Transformation...
[2026-05-12 00:34:27,697 ] 44 root - INFO - Initiating data transformation...
[2026-05-12 00:34:27,723 ] 51 root - INFO - Read train and test data completed
[2026-05-12 00:34:27,723 ] 31 root - INFO - Getting data transformer object...
[2026-05-12 00:34:27,731 ] 34 root - INFO - Data Transformation Completed!
[2026-05-12 00:34:27,731 ] 36 root - INFO - Model Trainer started...
[2026-05-12 00:34:27,731 ] 23 root - INFO - >>>>>>>>>>>>>>>>>>>>>>>>>>>>>>>>>>>>>>>> Model Trainer <<<<<<<<<<<<<<<<<<<<<<<<<<<<<<<<<<<<<<<<
[2026-05-12 00:34:27,731 ] 122 root - INFO - Loading transformed training dataset
[2026-05-12 00:34:51,868 ] 16 root - INFO - Initiate data ingestion...
[2026-05-12 00:34:51,868 ] 29 root - INFO - Exporting data from database
[2026-05-12 00:34:52,086 ] 48 root - INFO - Exporting data into feature store
[2026-05-12 00:34:52,115 ] 58 root - INFO - Splitting data into train and test sets
[2026-05-12 00:34:52,172 ] 66 root - INFO - Data split into train and test sets. Train set saved at Artifacts\12052026__003449\data_ingestion\ingested\train.csv and test set saved at Artifacts\12052026__003449\data_ingestion\ingested\test.csv
[2026-05-12 00:34:52,172 ] 20 root - INFO - Data ingestion artifact Completed!
[2026-05-12 00:34:52,172 ] 24 root - INFO - Initiate Data Validation...
[2026-05-12 00:34:52,261 ] 31 root - INFO - Required number of columns: 31
[2026-05-12 00:34:52,261 ] 32 root - INFO - Dataframe has columns: 31
[2026-05-12 00:34:52,261 ] 31 root - INFO - Required number of columns: 31
[2026-05-12 00:34:52,261 ] 32 root - INFO - Dataframe has columns: 31
[2026-05-12 00:34:52,388 ] 27 root - INFO - Data Validation Completed!
[2026-05-12 00:34:52,388 ] 29 root - INFO - Initiate Data Transformation...
[2026-05-12 00:34:52,388 ] 44 root - INFO - Initiating data transformation...
[2026-05-12 00:34:52,409 ] 51 root - INFO - Read train and test data completed
[2026-05-12 00:34:52,410 ] 31 root - INFO - Getting data transformer object...
[2026-05-12 00:34:52,428 ] 34 root - INFO - Data Transformation Completed!
[2026-05-12 00:34:52,428 ] 36 root - INFO - Model Trainer started...
[2026-05-12 00:34:52,428 ] 23 root - INFO - >>>>>>>>>>>>>>>>>>>>>>>>>>>>>>>>>>>>>>>> Model Trainer <<<<<<<<<<<<<<<<<<<<<<<<<<<<<<<<<<<<<<<<
[2026-05-12 00:34:52,428 ] 122 root - INFO - Loading transformed training dataset
[2026-05-12 00:35:43,915 ] 16 root - INFO - Initiate data ingestion...
[2026-05-12 00:35:43,915 ] 29 root - INFO - Exporting data from database
[2026-05-12 00:35:44,121 ] 48 root - INFO - Exporting data into feature store
[2026-05-12 00:35:44,165 ] 58 root - INFO - Splitting data into train and test sets
[2026-05-12 00:35:44,215 ] 66 root - INFO - Data split into train and test sets. Train set saved at Artifacts\12052026__003541\data_ingestion\ingested\train.csv and test set saved at Artifacts\12052026__003541\data_ingestion\ingested\test.csv
[2026-05-12 00:35:44,215 ] 20 root - INFO - Data ingestion artifact Completed!
[2026-05-12 00:35:44,221 ] 24 root - INFO - Initiate Data Validation...
[2026-05-12 00:35:44,284 ] 31 root - INFO - Required number of columns: 31
[2026-05-12 00:35:44,284 ] 32 root - INFO - Dataframe has columns: 31
[2026-05-12 00:35:44,284 ] 31 root - INFO - Required number of columns: 31
[2026-05-12 00:35:44,284 ] 32 root - INFO - Dataframe has columns: 31
[2026-05-12 00:35:44,369 ] 27 root - INFO - Data Validation Completed!
[2026-05-12 00:35:44,381 ] 29 root - INFO - Initiate Data Transformation...
[2026-05-12 00:35:44,381 ] 44 root - INFO - Initiating data transformation...
[2026-05-12 00:35:44,382 ] 51 root - INFO - Read train and test data completed
[2026-05-12 00:35:44,400 ] 31 root - INFO - Getting data transformer object...
[2026-05-12 00:35:44,432 ] 34 root - INFO - Data Transformation Completed!
[2026-05-12 00:35:44,432 ] 36 root - INFO - Model Trainer started...
[2026-05-12 00:35:44,433 ] 23 root - INFO - >>>>>>>>>>>>>>>>>>>>>>>>>>>>>>>>>>>>>>>> Model Trainer <<<<<<<<<<<<<<<<<<<<<<<<<<<<<<<<<<<<<<<<
[2026-05-12 00:35:44,433 ] 122 root - INFO - Loading transformed training dataset
[2026-05-12 00:40:20,223 ] 16 root - INFO - Initiate data ingestion...
[2026-05-12 00:40:20,223 ] 29 root - INFO - Exporting data from database
[2026-05-12 00:40:20,440 ] 48 root - INFO - Exporting data into feature store
[2026-05-12 00:40:20,492 ] 58 root - INFO - Splitting data into train and test sets
[2026-05-12 00:40:20,528 ] 66 root - INFO - Data split into train and test sets. Train set saved at Artifacts\12052026__004018\data_ingestion\ingested\train.csv and test set saved at Artifacts\12052026__004018\data_ingestion\ingested\test.csv
[2026-05-12 00:40:20,528 ] 20 root - INFO - Data ingestion artifact Completed!
[2026-05-12 00:40:20,540 ] 24 root - INFO - Initiate Data Validation...
[2026-05-12 00:40:20,622 ] 31 root - INFO - Required number of columns: 31
[2026-05-12 00:40:20,622 ] 32 root - INFO - Dataframe has columns: 31
[2026-05-12 00:40:20,622 ] 31 root - INFO - Required number of columns: 31
[2026-05-12 00:40:20,622 ] 32 root - INFO - Dataframe has columns: 31
[2026-05-12 00:40:20,727 ] 27 root - INFO - Data Validation Completed!
[2026-05-12 00:40:20,727 ] 29 root - INFO - Initiate Data Transformation...
[2026-05-12 00:40:20,727 ] 44 root - INFO - Initiating data transformation...
[2026-05-12 00:40:20,745 ] 51 root - INFO - Read train and test data completed
[2026-05-12 00:40:20,747 ] 31 root - INFO - Getting data transformer object...
[2026-05-12 00:40:20,764 ] 34 root - INFO - Data Transformation Completed!
[2026-05-12 00:40:20,764 ] 36 root - INFO - Model Trainer started...
[2026-05-12 00:40:20,764 ] 22 root - INFO - >>>>>>>>>>>>>>>>>>>>>>>>>>>>>>>>>>>>>>>> Model Trainer <<<<<<<<<<<<<<<<<<<<<<<<<<<<<<<<<<<<<<<<
[2026-05-12 00:40:20,764 ] 120 root - INFO - Loading transformed training dataset
[2026-05-12 00:48:56,239 ] 16 root - INFO - Initiate data ingestion...
[2026-05-12 00:48:56,240 ] 29 root - INFO - Exporting data from database
[2026-05-12 00:48:56,481 ] 48 root - INFO - Exporting data into feature store
[2026-05-12 00:48:56,527 ] 58 root - INFO - Splitting data into train and test sets
[2026-05-12 00:48:56,571 ] 66 root - INFO - Data split into train and test sets. Train set saved at Artifacts\12052026__004854\data_ingestion\ingested\train.csv and test set saved at Artifacts\12052026__004854\data_ingestion\ingested\test.csv
[2026-05-12 00:48:56,572 ] 20 root - INFO - Data ingestion artifact Completed!
[2026-05-12 00:48:56,577 ] 24 root - INFO - Initiate Data Validation...
[2026-05-12 00:48:56,652 ] 31 root - INFO - Required number of columns: 31
[2026-05-12 00:48:56,652 ] 32 root - INFO - Dataframe has columns: 31
[2026-05-12 00:48:56,652 ] 31 root - INFO - Required number of columns: 31
[2026-05-12 00:48:56,652 ] 32 root - INFO - Dataframe has columns: 31
[2026-05-12 00:48:56,763 ] 27 root - INFO - Data Validation Completed!
[2026-05-12 00:48:56,763 ] 29 root - INFO - Initiate Data Transformation...
[2026-05-12 00:48:56,763 ] 44 root - INFO - Initiating data transformation...
[2026-05-12 00:48:56,780 ] 51 root - INFO - Read train and test data completed
[2026-05-12 00:48:56,785 ] 31 root - INFO - Getting data transformer object...
[2026-05-12 00:48:56,807 ] 34 root - INFO - Data Transformation Completed!
[2026-05-12 00:48:56,807 ] 36 root - INFO - Model Trainer started...
[2026-05-12 00:48:56,807 ] 22 root - INFO - >>>>>>>>>>>>>>>>>>>>>>>>>>>>>>>>>>>>>>>> Model Trainer <<<<<<<<<<<<<<<<<<<<<<<<<<<<<<<<<<<<<<<<
[2026-05-12 00:48:56,807 ] 122 root - INFO - Loading transformed training dataset
[2026-05-12 00:54:48,733 ] 16 root - INFO - Initiate data ingestion...
[2026-05-12 00:54:48,733 ] 29 root - INFO - Exporting data from database
[2026-05-12 00:54:48,983 ] 48 root - INFO - Exporting data into feature store
[2026-05-12 00:54:49,032 ] 58 root - INFO - Splitting data into train and test sets
[2026-05-12 00:54:49,076 ] 66 root - INFO - Data split into train and test sets. Train set saved at Artifacts\12052026__005446\data_ingestion\ingested\train.csv and test set saved at Artifacts\12052026__005446\data_ingestion\ingested\test.csv
[2026-05-12 00:54:49,076 ] 20 root - INFO - Data ingestion artifact Completed!
[2026-05-12 00:54:49,085 ] 24 root - INFO - Initiate Data Validation...
[2026-05-12 00:54:49,175 ] 31 root - INFO - Required number of columns: 31
[2026-05-12 00:54:49,175 ] 32 root - INFO - Dataframe has columns: 31
[2026-05-12 00:54:49,175 ] 31 root - INFO - Required number of columns: 31
[2026-05-12 00:54:49,175 ] 32 root - INFO - Dataframe has columns: 31
[2026-05-12 00:54:49,290 ] 27 root - INFO - Data Validation Completed!
[2026-05-12 00:54:49,290 ] 29 root - INFO - Initiate Data Transformation...
[2026-05-12 00:54:49,290 ] 44 root - INFO - Initiating data transformation...
[2026-05-12 00:54:49,306 ] 51 root - INFO - Read train and test data completed
[2026-05-12 00:54:49,309 ] 31 root - INFO - Getting data transformer object...
[2026-05-12 00:54:49,328 ] 34 root - INFO - Data Transformation Completed!
[2026-05-12 00:54:49,328 ] 36 root - INFO - Model Trainer started...
[2026-05-12 00:54:49,328 ] 22 root - INFO - >>>>>>>>>>>>>>>>>>>>>>>>>>>>>>>>>>>>>>>> Model Trainer <<<<<<<<<<<<<<<<<<<<<<<<<<<<<<<<<<<<<<<<
[2026-05-12 00:54:49,328 ] 121 root - INFO - Loading transformed training dataset
[2026-05-12 01:00:34,103 ] 16 root - INFO - Initiate data ingestion...
[2026-05-12 01:00:34,103 ] 29 root - INFO - Exporting data from database
[2026-05-12 01:00:34,344 ] 48 root - INFO - Exporting data into feature store
[2026-05-12 01:00:34,386 ] 58 root - INFO - Splitting data into train and test sets
[2026-05-12 01:00:34,431 ] 66 root - INFO - Data split into train and test sets. Train set saved at Artifacts\12052026__010031\data_ingestion\ingested\train.csv and test set saved at Artifacts\12052026__010031\data_ingestion\ingested\test.csv
[2026-05-12 01:00:34,431 ] 20 root - INFO - Data ingestion artifact Completed!
[2026-05-12 01:00:34,439 ] 24 root - INFO - Initiate Data Validation...
[2026-05-12 01:00:34,518 ] 31 root - INFO - Required number of columns: 31
[2026-05-12 01:00:34,518 ] 32 root - INFO - Dataframe has columns: 31
[2026-05-12 01:00:34,518 ] 31 root - INFO - Required number of columns: 31
[2026-05-12 01:00:34,518 ] 32 root - INFO - Dataframe has columns: 31
[2026-05-12 01:00:34,648 ] 27 root - INFO - Data Validation Completed!
[2026-05-12 01:00:34,648 ] 29 root - INFO - Initiate Data Transformation...
[2026-05-12 01:00:34,648 ] 44 root - INFO - Initiating data transformation...
[2026-05-12 01:00:34,653 ] 51 root - INFO - Read train and test data completed
[2026-05-12 01:00:34,653 ] 31 root - INFO - Getting data transformer object...
[2026-05-12 01:00:34,682 ] 34 root - INFO - Data Transformation Completed!
[2026-05-12 01:00:34,682 ] 36 root - INFO - Model Trainer started...
[2026-05-12 01:00:34,682 ] 22 root - INFO - >>>>>>>>>>>>>>>>>>>>>>>>>>>>>>>>>>>>>>>> Model Trainer <<<<<<<<<<<<<<<<<<<<<<<<<<<<<<<<<<<<<<<<
[2026-05-12 01:00:34,682 ] 121 root - INFO - Loading transformed training dataset
[2026-05-12 01:04:18,946 ] 115 root - INFO - Model Trainer Artifact: ModelTrainerArtifact(trained_model_file_path='Artifacts\\12052026__010031\\model_trainer\\trained_model\\model.pkl', train_metric_artifact=ClassificationMetricArtifact(recall_score=0.9961405646963234, precision_score=0.9879129734085415, f1_score=0.9920097097198342), test_metric_artifact=ClassificationMetricArtifact(recall_score=0.9756888168557536, precision_score=0.9563145353455124, f1_score=0.9659045326915363))
[2026-05-12 01:04:18,946 ] 41 root - INFO - Model Trainer Completed!
[2026-05-12 01:23:46,061 ] 161 numexpr.utils - INFO - NumExpr defaulting to 12 threads.
[2026-05-12 01:23:49,484 ] 16 root - INFO - Initiate data ingestion...
[2026-05-12 01:23:49,485 ] 29 root - INFO - Exporting data from database
[2026-05-12 01:23:49,914 ] 48 root - INFO - Exporting data into feature store
[2026-05-12 01:23:49,962 ] 58 root - INFO - Splitting data into train and test sets
[2026-05-12 01:23:50,005 ] 66 root - INFO - Data split into train and test sets. Train set saved at Artifacts\12052026__012346\data_ingestion\ingested\train.csv and test set saved at Artifacts\12052026__012346\data_ingestion\ingested\test.csv
[2026-05-12 01:23:50,006 ] 20 root - INFO - Data ingestion artifact Completed!
[2026-05-12 01:23:50,010 ] 24 root - INFO - Initiate Data Validation...
[2026-05-12 01:23:50,131 ] 31 root - INFO - Required number of columns: 31
[2026-05-12 01:23:50,132 ] 32 root - INFO - Dataframe has columns: 31
[2026-05-12 01:23:50,132 ] 31 root - INFO - Required number of columns: 31
[2026-05-12 01:23:50,132 ] 32 root - INFO - Dataframe has columns: 31
[2026-05-12 01:23:50,228 ] 27 root - INFO - Data Validation Completed!
[2026-05-12 01:23:50,228 ] 29 root - INFO - Initiate Data Transformation...
[2026-05-12 01:23:50,228 ] 44 root - INFO - Initiating data transformation...
[2026-05-12 01:23:50,257 ] 51 root - INFO - Read train and test data completed
[2026-05-12 01:23:50,259 ] 31 root - INFO - Getting data transformer object...
[2026-05-12 01:23:50,304 ] 34 root - INFO - Data Transformation Completed!
[2026-05-12 01:23:50,304 ] 36 root - INFO - Model Trainer started...
[2026-05-12 01:23:50,304 ] 22 root - INFO - >>>>>>>>>>>>>>>>>>>>>>>>>>>>>>>>>>>>>>>> Model Trainer <<<<<<<<<<<<<<<<<<<<<<<<<<<<<<<<<<<<<<<<
[2026-05-12 01:23:50,304 ] 119 root - INFO - Loading transformed training dataset
[2026-05-12 01:34:32,321 ] 161 numexpr.utils - INFO - NumExpr defaulting to 12 threads.
[2026-05-12 01:34:35,205 ] 16 root - INFO - Initiate data ingestion...
[2026-05-12 01:34:35,206 ] 29 root - INFO - Exporting data from database
[2026-05-12 01:34:35,601 ] 48 root - INFO - Exporting data into feature store
[2026-05-12 01:34:35,640 ] 58 root - INFO - Splitting data into train and test sets
[2026-05-12 01:34:35,680 ] 66 root - INFO - Data split into train and test sets. Train set saved at Artifacts\12052026__013432\data_ingestion\ingested\train.csv and test set saved at Artifacts\12052026__013432\data_ingestion\ingested\test.csv
[2026-05-12 01:34:35,680 ] 20 root - INFO - Data ingestion artifact Completed!
[2026-05-12 01:34:35,684 ] 24 root - INFO - Initiate Data Validation...
[2026-05-12 01:34:35,802 ] 31 root - INFO - Required number of columns: 31
[2026-05-12 01:34:35,802 ] 32 root - INFO - Dataframe has columns: 31
[2026-05-12 01:34:35,802 ] 31 root - INFO - Required number of columns: 31
[2026-05-12 01:34:35,802 ] 32 root - INFO - Dataframe has columns: 31
[2026-05-12 01:34:35,899 ] 27 root - INFO - Data Validation Completed!
[2026-05-12 01:34:35,900 ] 29 root - INFO - Initiate Data Transformation...
[2026-05-12 01:34:35,900 ] 44 root - INFO - Initiating data transformation...
[2026-05-12 01:34:35,926 ] 51 root - INFO - Read train and test data completed
[2026-05-12 01:34:35,928 ] 31 root - INFO - Getting data transformer object...
[2026-05-12 01:34:35,945 ] 34 root - INFO - Data Transformation Completed!
[2026-05-12 01:34:35,945 ] 36 root - INFO - Model Trainer started...
[2026-05-12 01:34:35,945 ] 22 root - INFO - >>>>>>>>>>>>>>>>>>>>>>>>>>>>>>>>>>>>>>>> Model Trainer <<<<<<<<<<<<<<<<<<<<<<<<<<<<<<<<<<<<<<<<
[2026-05-12 01:34:35,945 ] 119 root - INFO - Loading transformed training dataset
[2026-05-12 01:41:55,059 ] 16 root - INFO - Initiate data ingestion...
[2026-05-12 01:41:55,060 ] 29 root - INFO - Exporting data from database
[2026-05-12 01:41:55,399 ] 48 root - INFO - Exporting data into feature store
[2026-05-12 01:41:55,481 ] 58 root - INFO - Splitting data into train and test sets
[2026-05-12 01:41:55,587 ] 66 root - INFO - Data split into train and test sets. Train set saved at Artifacts\12052026__014152\data_ingestion\ingested\train.csv and test set saved at Artifacts\12052026__014152\data_ingestion\ingested\test.csv
[2026-05-12 01:41:55,588 ] 20 root - INFO - Data ingestion artifact Completed!
[2026-05-12 01:41:55,597 ] 24 root - INFO - Initiate Data Validation...
[2026-05-12 01:41:55,700 ] 31 root - INFO - Required number of columns: 31
[2026-05-12 01:41:55,701 ] 32 root - INFO - Dataframe has columns: 31
[2026-05-12 01:41:55,701 ] 31 root - INFO - Required number of columns: 31
[2026-05-12 01:41:55,701 ] 32 root - INFO - Dataframe has columns: 31
[2026-05-12 01:41:55,854 ] 27 root - INFO - Data Validation Completed!
[2026-05-12 01:41:55,854 ] 29 root - INFO - Initiate Data Transformation...
[2026-05-12 01:41:55,855 ] 44 root - INFO - Initiating data transformation...
[2026-05-12 01:41:55,882 ] 51 root - INFO - Read train and test data completed
[2026-05-12 01:41:55,887 ] 31 root - INFO - Getting data transformer object...
[2026-05-12 01:41:55,909 ] 34 root - INFO - Data Transformation Completed!
[2026-05-12 01:41:55,909 ] 36 root - INFO - Model Trainer started...
[2026-05-12 01:41:55,910 ] 22 root - INFO - >>>>>>>>>>>>>>>>>>>>>>>>>>>>>>>>>>>>>>>> Model Trainer <<<<<<<<<<<<<<<<<<<<<<<<<<<<<<<<<<<<<<<<
[2026-05-12 01:41:55,910 ] 119 root - INFO - Loading transformed training dataset
[2026-05-12 01:45:59,217 ] 113 root - INFO - Model Trainer Artifact: ModelTrainerArtifact(trained_model_file_path='Artifacts\\12052026__014152\\model_trainer\\trained_model\\model.pkl', train_metric_artifact=ClassificationMetricArtifact(recall_score=0.9928716904276986, precision_score=0.9908536585365854, f1_score=0.9918616480162767), test_metric_artifact=ClassificationMetricArtifact(recall_score=0.9783480352846833, precision_score=0.9705648369132857, f1_score=0.9744408945686901))
[2026-05-12 01:45:59,217 ] 41 root - INFO - Model Trainer Completed!
